This is pdfTeX, Version 3.14159265-2.6-1.40.19 (TeX Live 2019/dev/Debian) (preloaded format=latex 2018.11.21)  26 JAN 2019 16:18
entering extended mode
 restricted \write18 enabled.
 %&-line parsing enabled.
**init.vim
(./init.vim
LaTeX2e <2018-04-01> patch level 5

! LaTeX Error: Missing \begin{document}.

See the LaTeX manual or LaTeX Companion for explanation.
Type  H <return>  for immediate help.
 ...                                              
                                                  
l.1 s
     et nocompatible
? 
! Emergency stop.
 ...                                              
                                                  
l.1 s
     et nocompatible
You're in trouble here.  Try typing  <return>  to proceed.
If that doesn't work, type  X <return>  to quit.

 
Here is how much of TeX's memory you used:
 7 strings out of 492642
 267 string characters out of 6131812
 56814 words of memory out of 5000000
 3993 multiletter control sequences out of 15000+600000
 3640 words of font info for 14 fonts, out of 8000000 for 9000
 1141 hyphenation exceptions out of 8191
 5i,0n,4p,27b,14s stack positions out of 5000i,500n,10000p,200000b,80000s
No pages of output.
